  Character.cpp
c:\users\i851169\documents\projects\dev\unisinos\processamento-grafico\trabalho-gb\hellotriangle\character.cpp(29): warning C4244: 'argument': conversion from 'int' to 'GLfloat', possible loss of data
  SceneManager.cpp
c:\users\i851169\documents\projects\dev\unisinos\processamento-grafico\trabalho-gb\hellotriangle\constants.h(29): warning C4244: 'initializing': conversion from 'double' to 'int', possible loss of data
c:\users\i851169\documents\projects\dev\unisinos\processamento-grafico\trabalho-gb\hellotriangle\constants.h(30): warning C4244: 'initializing': conversion from 'double' to 'int', possible loss of data
c:\users\i851169\documents\projects\dev\unisinos\processamento-grafico\trabalho-gb\hellotriangle\constants.h(31): warning C4244: 'initializing': conversion from 'double' to 'int', possible loss of data
c:\users\i851169\documents\projects\dev\unisinos\processamento-grafico\trabalho-gb\hellotriangle\scenemanager.cpp(22): warning C4244: 'initializing': conversion from 'double' to 'int', possible loss of data
c:\users\i851169\documents\projects\dev\unisinos\processamento-grafico\trabalho-gb\hellotriangle\scenemanager.cpp(23): warning C4244: 'initializing': conversion from 'double' to 'int', possible loss of data
c:\users\i851169\documents\projects\dev\unisinos\processamento-grafico\trabalho-gb\hellotriangle\scenemanager.cpp(65): warning C4244: 'argument': conversion from 'int' to 'GLfloat', possible loss of data
c:\users\i851169\documents\projects\dev\unisinos\processamento-grafico\trabalho-gb\hellotriangle\scenemanager.cpp(66): warning C4244: 'argument': conversion from 'int' to 'GLfloat', possible loss of data
  Source.cpp
  stb_image.cpp
  Generating Code...
  glad.c
glfw3.lib(context.obj) : warning LNK4099: PDB 'glfw.pdb' was not found with 'glfw3.lib(context.obj)' or at 'C:\Users\i851169\Documents\Projects\Dev\Unisinos\processamento-grafico\trabalho-gb\Debug\glfw.pdb'; linking object as if no debug info
glfw3.lib(init.obj) : warning LNK4099: PDB 'glfw.pdb' was not found with 'glfw3.lib(init.obj)' or at 'C:\Users\i851169\Documents\Projects\Dev\Unisinos\processamento-grafico\trabalho-gb\Debug\glfw.pdb'; linking object as if no debug info
glfw3.lib(input.obj) : warning LNK4099: PDB 'glfw.pdb' was not found with 'glfw3.lib(input.obj)' or at 'C:\Users\i851169\Documents\Projects\Dev\Unisinos\processamento-grafico\trabalho-gb\Debug\glfw.pdb'; linking object as if no debug info
glfw3.lib(monitor.obj) : warning LNK4099: PDB 'glfw.pdb' was not found with 'glfw3.lib(monitor.obj)' or at 'C:\Users\i851169\Documents\Projects\Dev\Unisinos\processamento-grafico\trabalho-gb\Debug\glfw.pdb'; linking object as if no debug info
glfw3.lib(window.obj) : warning LNK4099: PDB 'glfw.pdb' was not found with 'glfw3.lib(window.obj)' or at 'C:\Users\i851169\Documents\Projects\Dev\Unisinos\processamento-grafico\trabalho-gb\Debug\glfw.pdb'; linking object as if no debug info
glfw3.lib(win32_init.obj) : warning LNK4099: PDB 'glfw.pdb' was not found with 'glfw3.lib(win32_init.obj)' or at 'C:\Users\i851169\Documents\Projects\Dev\Unisinos\processamento-grafico\trabalho-gb\Debug\glfw.pdb'; linking object as if no debug info
glfw3.lib(win32_monitor.obj) : warning LNK4099: PDB 'glfw.pdb' was not found with 'glfw3.lib(win32_monitor.obj)' or at 'C:\Users\i851169\Documents\Projects\Dev\Unisinos\processamento-grafico\trabalho-gb\Debug\glfw.pdb'; linking object as if no debug info
glfw3.lib(win32_time.obj) : warning LNK4099: PDB 'glfw.pdb' was not found with 'glfw3.lib(win32_time.obj)' or at 'C:\Users\i851169\Documents\Projects\Dev\Unisinos\processamento-grafico\trabalho-gb\Debug\glfw.pdb'; linking object as if no debug info
glfw3.lib(win32_tls.obj) : warning LNK4099: PDB 'glfw.pdb' was not found with 'glfw3.lib(win32_tls.obj)' or at 'C:\Users\i851169\Documents\Projects\Dev\Unisinos\processamento-grafico\trabalho-gb\Debug\glfw.pdb'; linking object as if no debug info
glfw3.lib(win32_window.obj) : warning LNK4099: PDB 'glfw.pdb' was not found with 'glfw3.lib(win32_window.obj)' or at 'C:\Users\i851169\Documents\Projects\Dev\Unisinos\processamento-grafico\trabalho-gb\Debug\glfw.pdb'; linking object as if no debug info
glfw3.lib(winmm_joystick.obj) : warning LNK4099: PDB 'glfw.pdb' was not found with 'glfw3.lib(winmm_joystick.obj)' or at 'C:\Users\i851169\Documents\Projects\Dev\Unisinos\processamento-grafico\trabalho-gb\Debug\glfw.pdb'; linking object as if no debug info
glfw3.lib(wgl_context.obj) : warning LNK4099: PDB 'glfw.pdb' was not found with 'glfw3.lib(wgl_context.obj)' or at 'C:\Users\i851169\Documents\Projects\Dev\Unisinos\processamento-grafico\trabalho-gb\Debug\glfw.pdb'; linking object as if no debug info
  HelloTriangle.vcxproj -> C:\Users\i851169\Documents\Projects\Dev\Unisinos\processamento-grafico\trabalho-gb\Debug\Trabaho GB.exe
