c:\users\jrneto\documents\trabgb_v1\hellotriangle\debug\vc141.pdb
c:\users\jrneto\documents\trabgb_v1\hellotriangle\debug\vc141.idb
c:\users\jrneto\documents\trabgb_v1\hellotriangle\debug\stb_image.obj
c:\users\jrneto\documents\trabgb_v1\hellotriangle\debug\source.obj
c:\users\jrneto\documents\trabgb_v1\hellotriangle\debug\scenemanager.obj
c:\users\jrneto\documents\trabgb_v1\hellotriangle\debug\meutimer.obj
c:\users\jrneto\documents\trabgb_v1\hellotriangle\debug\gamechar.obj
c:\users\jrneto\documents\trabgb_v1\hellotriangle\debug\glad.obj
c:\users\jrneto\documents\trabgb_v1\debug\transforms.exe
c:\users\jrneto\documents\trabgb_v1\debug\transforms.ilk
c:\users\jrneto\documents\trabgb_v1\debug\transforms.pdb
c:\users\arthur\desktop\arthur\unisinos\5 semestre\processamento gráfico\trabgb_v2\hellotriangle\debug\gamechar.obj
c:\users\arthur\desktop\arthur\unisinos\5 semestre\processamento gráfico\trabgb_v2\hellotriangle\debug\glad.obj
c:\users\arthur\desktop\arthur\unisinos\5 semestre\processamento gráfico\trabgb_v2\hellotriangle\debug\meutimer.obj
c:\users\arthur\desktop\arthur\unisinos\5 semestre\processamento gráfico\trabgb_v2\hellotriangle\debug\scenemanager.obj
c:\users\arthur\desktop\arthur\unisinos\5 semestre\processamento gráfico\trabgb_v2\hellotriangle\debug\source.obj
c:\users\arthur\desktop\arthur\unisinos\5 semestre\processamento gráfico\trabgb_v2\hellotriangle\debug\stb_image.obj
c:\users\arthur\desktop\arthur\unisinos\5 semestre\processamento gráfico\trabgb_v2\hellotriangle\debug\vc140.idb
c:\users\arthur\desktop\arthur\unisinos\5 semestre\processamento gráfico\trabgb_v2\hellotriangle\debug\vc141.idb
c:\users\arthur\desktop\arthur\unisinos\5 semestre\processamento gráfico\trabgb_v2\hellotriangle\debug\vc140.pdb
c:\users\arthur\desktop\arthur\unisinos\5 semestre\processamento gráfico\trabgb_v2\hellotriangle\debug\vc141.pdb
c:\users\arthur\desktop\arthur\unisinos\5 semestre\processamento gráfico\trabgb_v2\debug\transforms.pdb
c:\users\arthur\desktop\arthur\unisinos\5 semestre\processamento gráfico\trabgb_v2\debug\transforms.exe
c:\users\arthur\desktop\arthur\unisinos\5 semestre\processamento gráfico\trabgb_v2\debug\transforms.ilk
c:\users\arthur\desktop\arthur\unisinos\5 semestre\processamento gráfico\trabgb_v2\hellotriangle\debug\transforms.tlog\cl.command.1.tlog
c:\users\arthur\desktop\arthur\unisinos\5 semestre\processamento gráfico\trabgb_v2\hellotriangle\debug\transforms.tlog\cl.read.1.tlog
c:\users\arthur\desktop\arthur\unisinos\5 semestre\processamento gráfico\trabgb_v2\hellotriangle\debug\transforms.tlog\cl.write.1.tlog
c:\users\arthur\desktop\arthur\unisinos\5 semestre\processamento gráfico\trabgb_v2\hellotriangle\debug\transforms.tlog\link.command.1.tlog
c:\users\arthur\desktop\arthur\unisinos\5 semestre\processamento gráfico\trabgb_v2\hellotriangle\debug\transforms.tlog\link.read.1.tlog
c:\users\arthur\desktop\arthur\unisinos\5 semestre\processamento gráfico\trabgb_v2\hellotriangle\debug\transforms.tlog\link.write.1.tlog
